2015-11-03 10:50:34.069+0000 INFO  [o.n.s.CommunityNeoServer]: Setting startup timeout to: 120000ms based on 120000
2015-11-03 10:50:34.302+0000 INFO  [o.n.k.InternalAbstractGraphDatabase]: No locking implementation specified, defaulting to 'community'
2015-11-03 10:50:34.355+0000 INFO  [o.n.k.i.DiagnosticsManager]: --- INITIALIZED diagnostics START ---
2015-11-03 10:50:34.357+0000 INFO  [o.n.k.i.DiagnosticsManager]: Neo4j Kernel properties:
2015-11-03 10:50:34.360+0000 INFO  [o.n.k.i.DiagnosticsManager]: org.neo4j.server.webserver.https.keystore.location=data/keystore
2015-11-03 10:50:34.360+0000 INFO  [o.n.k.i.DiagnosticsManager]: org.neo4j.server.db.tuning.properties=conf/neo4j.properties
2015-11-03 10:50:34.360+0000 INFO  [o.n.k.i.DiagnosticsManager]: org.neo4j.server.database.location=data/graph.db
2015-11-03 10:50:34.360+0000 INFO  [o.n.k.i.DiagnosticsManager]: org.neo4j.server.webserver.port=7474
2015-11-03 10:50:34.360+0000 INFO  [o.n.k.i.DiagnosticsManager]: store_dir=/Users/Sophie/Desktop/programming/music_discover/db/neo4j/development/data/graph.db
2015-11-03 10:50:34.360+0000 INFO  [o.n.k.i.DiagnosticsManager]: org.neo4j.server.webserver.https.key.location=conf/ssl/snakeoil.key
2015-11-03 10:50:34.360+0000 INFO  [o.n.k.i.DiagnosticsManager]: org.neo4j.server.http.log.config=conf/neo4j-http-logging.xml
2015-11-03 10:50:34.360+0000 INFO  [o.n.k.i.DiagnosticsManager]: dbms.querylog.filename=data/log/queries.log
2015-11-03 10:50:34.360+0000 INFO  [o.n.k.i.DiagnosticsManager]: org.neo4j.server.webserver.https.cert.location=conf/ssl/snakeoil.cert
2015-11-03 10:50:34.360+0000 INFO  [o.n.k.i.DiagnosticsManager]: org.neo4j.server.webserver.https.enabled=true
2015-11-03 10:50:34.360+0000 INFO  [o.n.k.i.DiagnosticsManager]: org.neo4j.server.http.log.enabled=false
2015-11-03 10:50:34.360+0000 INFO  [o.n.k.i.DiagnosticsManager]: org.neo4j.server.webserver.https.port=7473
2015-11-03 10:50:34.361+0000 INFO  [o.n.k.i.DiagnosticsManager]: org.neo4j.server.webadmin.rrdb.location=data/rrd
2015-11-03 10:50:34.361+0000 INFO  [o.n.k.i.DiagnosticsManager]: remote_shell_enabled=true
2015-11-03 10:50:34.361+0000 INFO  [o.n.k.i.DiagnosticsManager]: dbms.security.auth_enabled=false
2015-11-03 10:50:34.362+0000 INFO  [o.n.k.i.DiagnosticsManager]: Diagnostics providers:
2015-11-03 10:50:34.362+0000 INFO  [o.n.k.i.DiagnosticsManager]: org.neo4j.kernel.configuration.Config
2015-11-03 10:50:34.362+0000 INFO  [o.n.k.i.DiagnosticsManager]: org.neo4j.kernel.info.DiagnosticsManager
2015-11-03 10:50:34.362+0000 INFO  [o.n.k.i.DiagnosticsManager]: SYSTEM_MEMORY
2015-11-03 10:50:34.362+0000 INFO  [o.n.k.i.DiagnosticsManager]: JAVA_MEMORY
2015-11-03 10:50:34.362+0000 INFO  [o.n.k.i.DiagnosticsManager]: OPERATING_SYSTEM
2015-11-03 10:50:34.362+0000 INFO  [o.n.k.i.DiagnosticsManager]: JAVA_VIRTUAL_MACHINE
2015-11-03 10:50:34.362+0000 INFO  [o.n.k.i.DiagnosticsManager]: CLASSPATH
2015-11-03 10:50:34.362+0000 INFO  [o.n.k.i.DiagnosticsManager]: LIBRARY_PATH
2015-11-03 10:50:34.362+0000 INFO  [o.n.k.i.DiagnosticsManager]: SYSTEM_PROPERTIES
2015-11-03 10:50:34.363+0000 INFO  [o.n.k.i.DiagnosticsManager]: NETWORK
2015-11-03 10:50:34.363+0000 INFO  [o.n.k.i.DiagnosticsManager]: System memory information:
2015-11-03 10:50:34.365+0000 INFO  [o.n.k.i.DiagnosticsManager]: Total Physical memory: 8.00 GB
2015-11-03 10:50:34.365+0000 INFO  [o.n.k.i.DiagnosticsManager]: Free Physical memory: 1.60 GB
2015-11-03 10:50:34.365+0000 INFO  [o.n.k.i.DiagnosticsManager]: Committed virtual memory: 4.60 GB
2015-11-03 10:50:34.365+0000 INFO  [o.n.k.i.DiagnosticsManager]: Total swap space: 64.00 MB
2015-11-03 10:50:34.366+0000 INFO  [o.n.k.i.DiagnosticsManager]: Free swap space: 64.00 MB
2015-11-03 10:50:34.366+0000 INFO  [o.n.k.i.DiagnosticsManager]: JVM memory information:
2015-11-03 10:50:34.366+0000 INFO  [o.n.k.i.DiagnosticsManager]: Free  memory: 68.93 MB
2015-11-03 10:50:34.366+0000 INFO  [o.n.k.i.DiagnosticsManager]: Total memory: 123.75 MB
2015-11-03 10:50:34.367+0000 INFO  [o.n.k.i.DiagnosticsManager]: Max   memory: 1.97 GB
2015-11-03 10:50:34.368+0000 INFO  [o.n.k.i.DiagnosticsManager]: Garbage Collector: ParNew: [Par Eden Space, Par Survivor Space]
2015-11-03 10:50:34.368+0000 INFO  [o.n.k.i.DiagnosticsManager]: Garbage Collector: ConcurrentMarkSweep: [Par Eden Space, Par Survivor Space, CMS Old Gen, CMS Perm Gen]
2015-11-03 10:50:34.369+0000 INFO  [o.n.k.i.DiagnosticsManager]: Memory Pool: Code Cache (Non-heap memory): committed=2.44 MB, used=709.19 kB, max=48.00 MB, threshold=0.00 B
2015-11-03 10:50:34.369+0000 INFO  [o.n.k.i.DiagnosticsManager]: Memory Pool: Par Eden Space (Heap memory): committed=34.13 MB, used=19.89 MB, max=266.25 MB, threshold=?
2015-11-03 10:50:34.370+0000 INFO  [o.n.k.i.DiagnosticsManager]: Memory Pool: Par Survivor Space (Heap memory): committed=4.25 MB, used=4.25 MB, max=33.25 MB, threshold=?
2015-11-03 10:50:34.370+0000 INFO  [o.n.k.i.DiagnosticsManager]: Memory Pool: CMS Old Gen (Heap memory): committed=85.38 MB, used=30.69 MB, max=1.68 GB, threshold=0.00 B
2015-11-03 10:50:34.371+0000 INFO  [o.n.k.i.DiagnosticsManager]: Memory Pool: CMS Perm Gen (Non-heap memory): committed=20.75 MB, used=12.49 MB, max=82.00 MB, threshold=0.00 B
2015-11-03 10:50:34.371+0000 INFO  [o.n.k.i.DiagnosticsManager]: Operating system information:
2015-11-03 10:50:34.371+0000 INFO  [o.n.k.i.DiagnosticsManager]: Operating System: Mac OS X; version: 10.8.5; arch: x86_64; cpus: 4
2015-11-03 10:50:34.372+0000 INFO  [o.n.k.i.DiagnosticsManager]: Max number of file descriptors: 10240
2015-11-03 10:50:34.372+0000 INFO  [o.n.k.i.DiagnosticsManager]: Number of open file descriptors: 78
2015-11-03 10:50:34.372+0000 INFO  [o.n.k.i.DiagnosticsManager]: Process id: 13641@Sophies-MacBook-Pro.local
2015-11-03 10:50:34.372+0000 INFO  [o.n.k.i.DiagnosticsManager]: Byte order: LITTLE_ENDIAN
2015-11-03 10:50:34.372+0000 INFO  [o.n.k.i.DiagnosticsManager]: Local timezone: Europe/London
2015-11-03 10:50:34.372+0000 INFO  [o.n.k.i.DiagnosticsManager]: JVM information:
2015-11-03 10:50:34.372+0000 INFO  [o.n.k.i.DiagnosticsManager]: VM Name: Java HotSpot(TM) 64-Bit Server VM
2015-11-03 10:50:34.372+0000 INFO  [o.n.k.i.DiagnosticsManager]: VM Vendor: Oracle Corporation
2015-11-03 10:50:34.372+0000 INFO  [o.n.k.i.DiagnosticsManager]: VM Version: 24.79-b02
2015-11-03 10:50:34.373+0000 INFO  [o.n.k.i.DiagnosticsManager]: JIT compiler: HotSpot 64-Bit Tiered Compilers
2015-11-03 10:50:34.373+0000 INFO  [o.n.k.i.DiagnosticsManager]: VM Arguments: [-XX:+DisableExplicitGC, -Dorg.neo4j.server.properties=conf/neo4j-server.properties, -Djava.util.logging.config.file=conf/logging.properties, -XX:+UseConcMarkSweepGC, -XX:+CMSClassUnloadingEnabled, -XX:-OmitStackTraceInFastThrow, -XX:hashCode=5, -Dneo4j.ext.udc.source=tarball, -Dneo4j.home=/Users/Sophie/desktop/programming/music_discover/db/neo4j/development, -Dneo4j.instance=/Users/Sophie/desktop/programming/music_discover/db/neo4j/development, -Dfile.encoding=UTF-8]
2015-11-03 10:50:34.373+0000 INFO  [o.n.k.i.DiagnosticsManager]: Java classpath:
2015-11-03 10:50:34.376+0000 INFO  [o.n.k.i.DiagnosticsManager]:  [classpath + loader.0] file:/Users/Sophie/Desktop/programming/music_discover/db/neo4j/development/lib/parboiled-scala_2.10-1.1.7.jar
2015-11-03 10:50:34.376+0000 INFO  [o.n.k.i.DiagnosticsManager]:  [classpath + loader.0] file:/Users/Sophie/Desktop/programming/music_discover/db/neo4j/development/lib/neo4j-lucene-index-2.2.5.jar
2015-11-03 10:50:34.376+0000 INFO  [o.n.k.i.DiagnosticsManager]:  [classpath + loader.0] file:/Users/Sophie/Desktop/programming/music_discover/db/neo4j/development/system/lib/slf4j-api-1.7.7.jar
2015-11-03 10:50:34.376+0000 INFO  [o.n.k.i.DiagnosticsManager]:  [classpath + loader.0] file:/Users/Sophie/Desktop/programming/music_discover/db/neo4j/development/lib/parboiled-core-1.1.7.jar
2015-11-03 10:50:34.376+0000 INFO  [o.n.k.i.DiagnosticsManager]:  [loader.1] file:/System/Library/Java/Extensions/MRJToolkit.jar
2015-11-03 10:50:34.376+0000 INFO  [o.n.k.i.DiagnosticsManager]:  [classpath + loader.0] file:/Users/Sophie/Desktop/programming/music_discover/db/neo4j/development/system/lib/commons-logging-1.1.1.jar
2015-11-03 10:50:34.376+0000 INFO  [o.n.k.i.DiagnosticsManager]:  [classpath + loader.0] file:/Users/Sophie/Desktop/programming/music_discover/db/neo4j/development/system/lib/logback-access-1.1.2.jar
2015-11-03 10:50:34.377+0000 INFO  [o.n.k.i.DiagnosticsManager]:  [classpath + loader.0] file:/Users/Sophie/Desktop/programming/music_discover/db/neo4j/development/system/lib/janino-2.6.1.jar
2015-11-03 10:50:34.377+0000 INFO  [o.n.k.i.DiagnosticsManager]:  [classpath + loader.0] file:/Users/Sophie/Desktop/programming/music_discover/db/neo4j/development/system/lib/bcprov-jdk16-140.jar
2015-11-03 10:50:34.377+0000 INFO  [o.n.k.i.DiagnosticsManager]:  [bootstrap] /Library/Java/JavaVirtualMachines/jdk1.7.0_79.jdk/Contents/Home/jre/lib/jce.jar
2015-11-03 10:50:34.377+0000 INFO  [o.n.k.i.DiagnosticsManager]:  [classpath + loader.0] file:/Users/Sophie/Desktop/programming/music_discover/db/neo4j/development/system/lib/commons-io-2.4.jar
2015-11-03 10:50:34.377+0000 INFO  [o.n.k.i.DiagnosticsManager]:  [classpath + loader.0] file:/Users/Sophie/Desktop/programming/music_discover/db/neo4j/development/system/lib/jetty-webapp-9.2.4.v20141103.jar
2015-11-03 10:50:34.377+0000 INFO  [o.n.k.i.DiagnosticsManager]:  [classpath + loader.0] file:/Users/Sophie/Desktop/programming/music_discover/db/neo4j/development/lib/neo4j-graph-algo-2.2.5.jar
2015-11-03 10:50:34.377+0000 INFO  [o.n.k.i.DiagnosticsManager]:  [loader.1] file:/Library/Java/JavaVirtualMachines/jdk1.7.0_79.jdk/Contents/Home/jre/lib/ext/zipfs.jar
2015-11-03 10:50:34.377+0000 INFO  [o.n.k.i.DiagnosticsManager]:  [classpath + loader.0] file:/Users/Sophie/Desktop/programming/music_discover/db/neo4j/development/system/lib/jetty-servlet-9.2.4.v20141103.jar
2015-11-03 10:50:34.377+0000 INFO  [o.n.k.i.DiagnosticsManager]:  [classpath + loader.0] file:/Users/Sophie/Desktop/programming/music_discover/db/neo4j/development/system/lib/jersey-servlet-1.19.jar
2015-11-03 10:50:34.377+0000 INFO  [o.n.k.i.DiagnosticsManager]:  [classpath + loader.0] file:/Users/Sophie/Desktop/programming/music_discover/db/neo4j/development/system/lib/rrd4j-2.2.jar
2015-11-03 10:50:34.377+0000 INFO  [o.n.k.i.DiagnosticsManager]:  [classpath + loader.0] file:/Users/Sophie/Desktop/programming/music_discover/db/neo4j/development/lib/opencsv-2.3.jar
2015-11-03 10:50:34.377+0000 INFO  [o.n.k.i.DiagnosticsManager]:  [classpath + loader.0] file:/Users/Sophie/Desktop/programming/music_discover/db/neo4j/development/system/lib/mimepull-1.9.3.jar
2015-11-03 10:50:34.377+0000 INFO  [o.n.k.i.DiagnosticsManager]:  [classpath + loader.0] file:/Users/Sophie/Desktop/programming/music_discover/db/neo4j/development/system/lib/jersey-server-1.19.jar
2015-11-03 10:50:34.377+0000 INFO  [o.n.k.i.DiagnosticsManager]:  [classpath + loader.0] file:/Users/Sophie/Desktop/programming/music_discover/db/neo4j/development/system/lib/jsr311-api-1.1.2.r612.jar
2015-11-03 10:50:34.377+0000 INFO  [o.n.k.i.DiagnosticsManager]:  [loader.1] file:/System/Library/Java/Extensions/QTJava.zip
2015-11-03 10:50:34.377+0000 INFO  [o.n.k.i.DiagnosticsManager]:  [classpath + loader.0] file:/Users/Sophie/Desktop/programming/music_discover/db/neo4j/development/lib/neo4j-cypher-2.2.5.jar
2015-11-03 10:50:34.377+0000 INFO  [o.n.k.i.DiagnosticsManager]:  [classpath + loader.0] file:/Users/Sophie/Desktop/programming/music_discover/db/neo4j/development/system/lib/javax.servlet-api-3.1.0.jar
2015-11-03 10:50:34.377+0000 INFO  [o.n.k.i.DiagnosticsManager]:  [classpath + loader.0] file:/Users/Sophie/Desktop/programming/music_discover/db/neo4j/development/lib/scala-library-2.10.5.jar
2015-11-03 10:50:34.377+0000 INFO  [o.n.k.i.DiagnosticsManager]:  [classpath + loader.0] file:/Users/Sophie/Desktop/programming/music_discover/db/neo4j/development/lib/concurrentlinkedhashmap-lru-1.4.jar
2015-11-03 10:50:34.377+0000 INFO  [o.n.k.i.DiagnosticsManager]:  [classpath + loader.0] file:/Users/Sophie/Desktop/programming/music_discover/db/neo4j/development/lib/lucene-core-3.6.2.jar
2015-11-03 10:50:34.377+0000 INFO  [o.n.k.i.DiagnosticsManager]:  [classpath + loader.0] file:/Users/Sophie/Desktop/programming/music_discover/db/neo4j/development/conf/
2015-11-03 10:50:34.377+0000 INFO  [o.n.k.i.DiagnosticsManager]:  [bootstrap] /Library/Java/JavaVirtualMachines/jdk1.7.0_79.jdk/Contents/Home/jre/classes
2015-11-03 10:50:34.377+0000 INFO  [o.n.k.i.DiagnosticsManager]:  [classpath + loader.0] file:/Users/Sophie/Desktop/programming/music_discover/db/neo4j/development/system/lib/jetty-security-9.2.4.v20141103.jar
2015-11-03 10:50:34.377+0000 INFO  [o.n.k.i.DiagnosticsManager]:  [classpath + loader.0] file:/Users/Sophie/Desktop/programming/music_discover/db/neo4j/development/lib/neo4j-cypher-compiler-2.2-2.2.5.jar
2015-11-03 10:50:34.377+0000 INFO  [o.n.k.i.DiagnosticsManager]:  [classpath + loader.0] file:/Users/Sophie/Desktop/programming/music_discover/db/neo4j/development/lib/neo4j-consistency-check-2.2.5.jar
2015-11-03 10:50:34.377+0000 INFO  [o.n.k.i.DiagnosticsManager]:  [loader.1] file:/Library/Java/JavaVirtualMachines/jdk1.7.0_79.jdk/Contents/Home/jre/lib/ext/sunec.jar
2015-11-03 10:50:34.378+0000 INFO  [o.n.k.i.DiagnosticsManager]:  [loader.1] file:/System/Library/Java/Extensions/libQTJNative.jnilib
2015-11-03 10:50:34.378+0000 INFO  [o.n.k.i.DiagnosticsManager]:  [classpath + loader.0] file:/Users/Sophie/Desktop/programming/music_discover/db/neo4j/development/lib/neo4j-udc-2.2.5.jar
2015-11-03 10:50:34.378+0000 INFO  [o.n.k.i.DiagnosticsManager]:  [classpath + loader.0] file:/Users/Sophie/Desktop/programming/music_discover/db/neo4j/development/lib/neo4j-jmx-2.2.5.jar
2015-11-03 10:50:34.378+0000 INFO  [o.n.k.i.DiagnosticsManager]:  [classpath + loader.0] file:/Users/Sophie/Desktop/programming/music_discover/db/neo4j/development/system/lib/jetty-util-9.2.4.v20141103.jar
2015-11-03 10:50:34.378+0000 INFO  [o.n.k.i.DiagnosticsManager]:  [classpath + loader.0] file:/Users/Sophie/Desktop/programming/music_discover/db/neo4j/development/system/lib/rhino-1.7R4.jar
2015-11-03 10:50:34.378+0000 INFO  [o.n.k.i.DiagnosticsManager]:  [classpath + loader.0] file:/Users/Sophie/Desktop/programming/music_discover/db/neo4j/development/lib/server-api-2.2.5.jar
2015-11-03 10:50:34.378+0000 INFO  [o.n.k.i.DiagnosticsManager]:  [classpath + loader.0] file:/Users/Sophie/Desktop/programming/music_discover/db/neo4j/development/system/lib/jetty-http-9.2.4.v20141103.jar
2015-11-03 10:50:34.378+0000 INFO  [o.n.k.i.DiagnosticsManager]:  [loader.1] file:/Library/Java/JavaVirtualMachines/jdk1.7.0_79.jdk/Contents/Home/jre/lib/ext/dnsns.jar
2015-11-03 10:50:34.378+0000 INFO  [o.n.k.i.DiagnosticsManager]:  [loader.1] file:/Library/Java/JavaVirtualMachines/jdk1.7.0_79.jdk/Contents/Home/jre/lib/ext/sunjce_provider.jar
2015-11-03 10:50:34.378+0000 INFO  [o.n.k.i.DiagnosticsManager]:  [classpath + loader.0] file:/Users/Sophie/Desktop/programming/music_discover/db/neo4j/development/system/lib/jersey-core-1.19.jar
2015-11-03 10:50:34.378+0000 INFO  [o.n.k.i.DiagnosticsManager]:  [classpath + loader.0] file:/Users/Sophie/Desktop/programming/music_discover/db/neo4j/development/system/lib/scala-reflect-2.10.5.jar
2015-11-03 10:50:34.378+0000 INFO  [o.n.k.i.DiagnosticsManager]:  [classpath + loader.0] file:/Users/Sophie/Desktop/programming/music_discover/db/neo4j/development/system/lib/jersey-multipart-1.19.jar
2015-11-03 10:50:34.378+0000 INFO  [o.n.k.i.DiagnosticsManager]:  [bootstrap] /Library/Java/JavaVirtualMachines/jdk1.7.0_79.jdk/Contents/Home/jre/lib/jsse.jar
2015-11-03 10:50:34.378+0000 INFO  [o.n.k.i.DiagnosticsManager]:  [classpath + loader.0] file:/Users/Sophie/Desktop/programming/music_discover/db/neo4j/development/system/lib/commons-digester-2.1.jar
2015-11-03 10:50:34.378+0000 INFO  [o.n.k.i.DiagnosticsManager]:  [bootstrap] /Library/Java/JavaVirtualMachines/jdk1.7.0_79.jdk/Contents/Home/jre/lib/resources.jar
2015-11-03 10:50:34.378+0000 INFO  [o.n.k.i.DiagnosticsManager]:  [classpath + loader.0] file:/Users/Sophie/Desktop/programming/music_discover/db/neo4j/development/system/lib/jetty-xml-9.2.4.v20141103.jar
2015-11-03 10:50:34.378+0000 INFO  [o.n.k.i.DiagnosticsManager]:  [classpath + loader.0] file:/Users/Sophie/Desktop/programming/music_discover/db/neo4j/development/system/lib/commons-configuration-1.10.jar
2015-11-03 10:50:34.378+0000 INFO  [o.n.k.i.DiagnosticsManager]:  [classpath + loader.0] file:/Users/Sophie/Desktop/programming/music_discover/db/neo4j/development/system/lib/neo4j-server-2.2.5-static-web.jar
2015-11-03 10:50:34.378+0000 INFO  [o.n.k.i.DiagnosticsManager]:  [classpath + loader.0] file:/Users/Sophie/Desktop/programming/music_discover/db/neo4j/development/lib/neo4j-cypher-compiler-1.9-2.0.4.jar
2015-11-03 10:50:34.378+0000 INFO  [o.n.k.i.DiagnosticsManager]:  [classpath + loader.0] file:/Users/Sophie/Desktop/programming/music_discover/db/neo4j/development/lib/neo4j-graph-matching-2.2.5.jar
2015-11-03 10:50:34.378+0000 INFO  [o.n.k.i.DiagnosticsManager]:  [classpath + loader.0] file:/Users/Sophie/Desktop/programming/music_discover/db/neo4j/development/system/lib/logback-core-1.1.2.jar
2015-11-03 10:50:34.378+0000 INFO  [o.n.k.i.DiagnosticsManager]:  [classpath + loader.0] file:/Users/Sophie/Desktop/programming/music_discover/db/neo4j/development/system/lib/jetty-io-9.2.4.v20141103.jar
2015-11-03 10:50:34.378+0000 INFO  [o.n.k.i.DiagnosticsManager]:  [classpath + loader.0] file:/Users/Sophie/Desktop/programming/music_discover/db/neo4j/development/lib/neo4j-cypher-compiler-2.1-2.1.8.jar
2015-11-03 10:50:34.378+0000 INFO  [o.n.k.i.DiagnosticsManager]:  [classpath + loader.0] file:/Users/Sophie/Desktop/programming/music_discover/db/neo4j/development/lib/neo4j-unsafe-2.2.5.jar
2015-11-03 10:50:34.378+0000 INFO  [o.n.k.i.DiagnosticsManager]:  [classpath + loader.0] file:/Users/Sophie/Desktop/programming/music_discover/db/neo4j/development/system/lib/jcl-over-slf4j-1.7.7.jar
2015-11-03 10:50:34.378+0000 INFO  [o.n.k.i.DiagnosticsManager]:  [bootstrap] /Library/Java/JavaVirtualMachines/jdk1.7.0_79.jdk/Contents/Home/jre/lib/charsets.jar
2015-11-03 10:50:34.379+0000 INFO  [o.n.k.i.DiagnosticsManager]:  [classpath + loader.0] file:/Users/Sophie/Desktop/programming/music_discover/db/neo4j/development/lib/neo4j-primitive-collections-2.2.5.jar
2015-11-03 10:50:34.379+0000 INFO  [o.n.k.i.DiagnosticsManager]:  [classpath + loader.0] file:/Users/Sophie/Desktop/programming/music_discover/db/neo4j/development/lib/neo4j-csv-2.2.5.jar
2015-11-03 10:50:34.379+0000 INFO  [o.n.k.i.DiagnosticsManager]:  [classpath + loader.0] file:/Users/Sophie/Desktop/programming/music_discover/db/neo4j/development/system/lib/jetty-server-9.2.4.v20141103.jar
2015-11-03 10:50:34.379+0000 INFO  [o.n.k.i.DiagnosticsManager]:  [classpath + loader.0] file:/Users/Sophie/Desktop/programming/music_discover/db/neo4j/development/lib/neo4j-import-tool-2.2.5.jar
2015-11-03 10:50:34.379+0000 INFO  [o.n.k.i.DiagnosticsManager]:  [classpath + loader.0] file:/Users/Sophie/Desktop/programming/music_discover/db/neo4j/development/system/lib/commons-beanutils-1.8.3.jar
2015-11-03 10:50:34.379+0000 INFO  [o.n.k.i.DiagnosticsManager]:  [classpath + loader.0] file:/Users/Sophie/Desktop/programming/music_discover/db/neo4j/development/lib/neo4j-shell-2.2.5.jar
2015-11-03 10:50:34.379+0000 INFO  [o.n.k.i.DiagnosticsManager]:  [classpath + loader.0] file:/Users/Sophie/Desktop/programming/music_discover/db/neo4j/development/system/lib/jackson-mapper-asl-1.9.13.jar
2015-11-03 10:50:34.379+0000 INFO  [o.n.k.i.DiagnosticsManager]:  [classpath + loader.0] file:/Users/Sophie/Desktop/programming/music_discover/db/neo4j/development/system/lib/neo4j-server-2.2.5.jar
2015-11-03 10:50:34.379+0000 INFO  [o.n.k.i.DiagnosticsManager]:  [classpath + loader.0] file:/Users/Sophie/Desktop/programming/music_discover/db/neo4j/development/lib/org.apache.servicemix.bundles.jline-0.9.94_1.jar
2015-11-03 10:50:34.379+0000 INFO  [o.n.k.i.DiagnosticsManager]:  [bootstrap] /Library/Java/JavaVirtualMachines/jdk1.7.0_79.jdk/Contents/Home/jre/lib/jfr.jar
2015-11-03 10:50:34.379+0000 INFO  [o.n.k.i.DiagnosticsManager]:  [loader.1] file:/Library/Java/JavaVirtualMachines/jdk1.7.0_79.jdk/Contents/Home/jre/lib/ext/sunpkcs11.jar
2015-11-03 10:50:34.379+0000 INFO  [o.n.k.i.DiagnosticsManager]:  [classpath + loader.0] file:/Users/Sophie/Desktop/programming/music_discover/db/neo4j/development/lib/neo4j-io-2.2.5.jar
2015-11-03 10:50:34.379+0000 INFO  [o.n.k.i.DiagnosticsManager]:  [classpath + loader.0] file:/Users/Sophie/Desktop/programming/music_discover/db/neo4j/development/lib/neo4j-kernel-2.2.5.jar
2015-11-03 10:50:34.379+0000 INFO  [o.n.k.i.DiagnosticsManager]:  [bootstrap] /Library/Java/JavaVirtualMachines/jdk1.7.0_79.jdk/Contents/Home/jre/lib/sunrsasign.jar
2015-11-03 10:50:34.379+0000 INFO  [o.n.k.i.DiagnosticsManager]:  [classpath + loader.0] file:/Users/Sophie/Desktop/programming/music_discover/db/neo4j/development/system/lib/neo4j-browser-2.2.5.jar
2015-11-03 10:50:34.379+0000 INFO  [o.n.k.i.DiagnosticsManager]:  [bootstrap] /Library/Java/JavaVirtualMachines/jdk1.7.0_79.jdk/Contents/Home/jre/lib/rt.jar
2015-11-03 10:50:34.379+0000 INFO  [o.n.k.i.DiagnosticsManager]:  [classpath + loader.0] file:/Users/Sophie/Desktop/programming/music_discover/db/neo4j/development/system/lib/commons-compiler-2.6.1.jar
2015-11-03 10:50:34.379+0000 INFO  [o.n.k.i.DiagnosticsManager]:  [loader.1] file:/Library/Java/JavaVirtualMachines/jdk1.7.0_79.jdk/Contents/Home/jre/lib/ext/localedata.jar
2015-11-03 10:50:34.379+0000 INFO  [o.n.k.i.DiagnosticsManager]:  [classpath + loader.0] file:/Users/Sophie/Desktop/programming/music_discover/db/neo4j/development/system/lib/jackson-jaxrs-1.9.13.jar
2015-11-03 10:50:34.379+0000 INFO  [o.n.k.i.DiagnosticsManager]:  [classpath + loader.0] file:/Users/Sophie/Desktop/programming/music_discover/db/neo4j/development/lib/neo4j-cypher-compiler-2.0-2.0.4.jar
2015-11-03 10:50:34.379+0000 INFO  [o.n.k.i.DiagnosticsManager]:  [classpath + loader.0] file:/Users/Sophie/Desktop/programming/music_discover/db/neo4j/development/system/lib/commons-lang-2.6.jar
2015-11-03 10:50:34.379+0000 INFO  [o.n.k.i.DiagnosticsManager]:  [classpath + loader.0] file:/Users/Sophie/Desktop/programming/music_discover/db/neo4j/development/system/lib/logback-classic-1.1.2.jar
2015-11-03 10:50:34.379+0000 INFO  [o.n.k.i.DiagnosticsManager]:  [classpath + loader.0] file:/Users/Sophie/Desktop/programming/music_discover/db/neo4j/development/system/lib/jackson-core-asl-1.9.13.jar
2015-11-03 10:50:34.379+0000 INFO  [o.n.k.i.DiagnosticsManager]: Library path:
2015-11-03 10:50:34.380+0000 INFO  [o.n.k.i.DiagnosticsManager]: /Users/Sophie/Library/Java/Extensions
2015-11-03 10:50:34.380+0000 INFO  [o.n.k.i.DiagnosticsManager]: /Library/Java/Extensions
2015-11-03 10:50:34.380+0000 INFO  [o.n.k.i.DiagnosticsManager]: /Network/Library/Java/Extensions
2015-11-03 10:50:34.380+0000 INFO  [o.n.k.i.DiagnosticsManager]: /System/Library/Java/Extensions
2015-11-03 10:50:34.380+0000 INFO  [o.n.k.i.DiagnosticsManager]: /usr/lib/java
2015-11-03 10:50:34.380+0000 INFO  [o.n.k.i.DiagnosticsManager]: /Users/Sophie/Desktop/programming/music_discover/db/neo4j/development
2015-11-03 10:50:34.380+0000 INFO  [o.n.k.i.DiagnosticsManager]: System.properties:
2015-11-03 10:50:34.380+0000 INFO  [o.n.k.i.DiagnosticsManager]: sun.boot.library.path = /Library/Java/JavaVirtualMachines/jdk1.7.0_79.jdk/Contents/Home/jre/lib
2015-11-03 10:50:34.380+0000 INFO  [o.n.k.i.DiagnosticsManager]: user.country.format = GB
2015-11-03 10:50:34.380+0000 INFO  [o.n.k.i.DiagnosticsManager]: org.neo4j.server.properties = conf/neo4j-server.properties
2015-11-03 10:50:34.380+0000 INFO  [o.n.k.i.DiagnosticsManager]: gopherProxySet = false
2015-11-03 10:50:34.380+0000 INFO  [o.n.k.i.DiagnosticsManager]: path.separator = :
2015-11-03 10:50:34.380+0000 INFO  [o.n.k.i.DiagnosticsManager]: file.encoding.pkg = sun.io
2015-11-03 10:50:34.380+0000 INFO  [o.n.k.i.DiagnosticsManager]: user.country = US
2015-11-03 10:50:34.380+0000 INFO  [o.n.k.i.DiagnosticsManager]: sun.java.launcher = SUN_STANDARD
2015-11-03 10:50:34.381+0000 INFO  [o.n.k.i.DiagnosticsManager]: sun.os.patch.level = unknown
2015-11-03 10:50:34.381+0000 INFO  [o.n.k.i.DiagnosticsManager]: user.dir = /Users/Sophie/Desktop/programming/music_discover/db/neo4j/development
2015-11-03 10:50:34.381+0000 INFO  [o.n.k.i.DiagnosticsManager]: neo4j.ext.udc.source = tarball
2015-11-03 10:50:34.381+0000 INFO  [o.n.k.i.DiagnosticsManager]: sun.jnu.encoding = UTF-8
2015-11-03 10:50:34.381+0000 INFO  [o.n.k.i.DiagnosticsManager]: sun.management.compiler = HotSpot 64-Bit Tiered Compilers
2015-11-03 10:50:34.381+0000 INFO  [o.n.k.i.DiagnosticsManager]: http.nonProxyHosts = local|*.local|169.254/16|*.169.254/16
2015-11-03 10:50:34.381+0000 INFO  [o.n.k.i.DiagnosticsManager]: user.home = /Users/Sophie
2015-11-03 10:50:34.381+0000 INFO  [o.n.k.i.DiagnosticsManager]: user.timezone = Europe/London
2015-11-03 10:50:34.381+0000 INFO  [o.n.k.i.DiagnosticsManager]: file.encoding = UTF-8
2015-11-03 10:50:34.381+0000 INFO  [o.n.k.i.DiagnosticsManager]: user.name = Sophie
2015-11-03 10:50:34.381+0000 INFO  [o.n.k.i.DiagnosticsManager]: sun.java.command = org.neo4j.server.Bootstrapper
2015-11-03 10:50:34.381+0000 INFO  [o.n.k.i.DiagnosticsManager]: sun.arch.data.model = 64
2015-11-03 10:50:34.381+0000 INFO  [o.n.k.i.DiagnosticsManager]: user.language = en
2015-11-03 10:50:34.381+0000 INFO  [o.n.k.i.DiagnosticsManager]: awt.toolkit = sun.lwawt.macosx.LWCToolkit
2015-11-03 10:50:34.381+0000 INFO  [o.n.k.i.DiagnosticsManager]: file.separator = /
2015-11-03 10:50:34.381+0000 INFO  [o.n.k.i.DiagnosticsManager]: sun.io.unicode.encoding = UnicodeBig
2015-11-03 10:50:34.381+0000 INFO  [o.n.k.i.DiagnosticsManager]: sun.cpu.endian = little
2015-11-03 10:50:34.381+0000 INFO  [o.n.k.i.DiagnosticsManager]: socksNonProxyHosts = local|*.local|169.254/16|*.169.254/16
2015-11-03 10:50:34.381+0000 INFO  [o.n.k.i.DiagnosticsManager]: neo4j.instance = /Users/Sophie/desktop/programming/music_discover/db/neo4j/development
2015-11-03 10:50:34.381+0000 INFO  [o.n.k.i.DiagnosticsManager]: ftp.nonProxyHosts = local|*.local|169.254/16|*.169.254/16
2015-11-03 10:50:34.381+0000 INFO  [o.n.k.i.DiagnosticsManager]: neo4j.home = /Users/Sophie/desktop/programming/music_discover/db/neo4j/development
2015-11-03 10:50:34.381+0000 INFO  [o.n.k.i.DiagnosticsManager]: sun.cpu.isalist = 
2015-11-03 10:50:34.381+0000 INFO  [o.n.k.i.DiagnosticsManager]: Network information:
2015-11-03 10:50:34.383+0000 INFO  [o.n.k.i.DiagnosticsManager]: Interface en1:
2015-11-03 10:50:34.383+0000 INFO  [o.n.k.i.DiagnosticsManager]:     address: fe80:0:0:0:5e96:9dff:fe8c:af%5
2015-11-03 10:50:34.384+0000 INFO  [o.n.k.i.DiagnosticsManager]:     address: 192.168.48.123
2015-11-03 10:50:34.384+0000 INFO  [o.n.k.i.DiagnosticsManager]: Interface lo0:
2015-11-03 10:50:34.384+0000 INFO  [o.n.k.i.DiagnosticsManager]:     address: 0:0:0:0:0:0:0:1
2015-11-03 10:50:34.384+0000 INFO  [o.n.k.i.DiagnosticsManager]:     address: fe80:0:0:0:0:0:0:1%1
2015-11-03 10:50:34.384+0000 INFO  [o.n.k.i.DiagnosticsManager]:     address: 127.0.0.1
2015-11-03 10:50:34.384+0000 INFO  [o.n.k.i.DiagnosticsManager]: --- INITIALIZED diagnostics END ---
2015-11-03 10:50:34.492+0000 INFO  [o.n.k.i.s.StoreFactory]: Creating new db @ /Users/Sophie/Desktop/programming/music_discover/db/neo4j/development/data/graph.db/neostore
2015-11-03 10:50:34.533+0000 DEBUG [o.n.k.i.s.StoreFactory]: Closing /Users/Sophie/Desktop/programming/music_discover/db/neo4j/development/data/graph.db/neostore.relationshiptypestore.db.names, truncating at 64 vs file size 64
2015-11-03 10:50:34.535+0000 DEBUG [o.n.k.i.s.StoreFactory]: Closing /Users/Sophie/Desktop/programming/music_discover/db/neo4j/development/data/graph.db/neostore.relationshiptypestore.db, truncating at 28 vs file size 28
2015-11-03 10:50:34.544+0000 DEBUG [o.n.k.i.s.StoreFactory]: Closing /Users/Sophie/Desktop/programming/music_discover/db/neo4j/development/data/graph.db/neostore.labeltokenstore.db.names, truncating at 64 vs file size 64
2015-11-03 10:50:34.546+0000 DEBUG [o.n.k.i.s.StoreFactory]: Closing /Users/Sophie/Desktop/programming/music_discover/db/neo4j/development/data/graph.db/neostore.labeltokenstore.db, truncating at 22 vs file size 22
2015-11-03 10:50:34.598+0000 DEBUG [o.n.k.i.s.StoreFactory]: Closing /Users/Sophie/Desktop/programming/music_discover/db/neo4j/development/data/graph.db/neostore.relationshiptypestore.db.names, truncating at 64 vs file size 64
2015-11-03 10:50:34.600+0000 DEBUG [o.n.k.i.s.StoreFactory]: Closing /Users/Sophie/Desktop/programming/music_discover/db/neo4j/development/data/graph.db/neostore.relationshiptypestore.db, truncating at 28 vs file size 28
2015-11-03 10:50:34.601+0000 DEBUG [o.n.k.i.s.StoreFactory]: Closing /Users/Sophie/Desktop/programming/music_discover/db/neo4j/development/data/graph.db/neostore.labeltokenstore.db.names, truncating at 64 vs file size 64
2015-11-03 10:50:34.603+0000 DEBUG [o.n.k.i.s.StoreFactory]: Closing /Users/Sophie/Desktop/programming/music_discover/db/neo4j/development/data/graph.db/neostore.labeltokenstore.db, truncating at 22 vs file size 22
2015-11-03 10:50:34.604+0000 DEBUG [o.n.k.i.s.StoreFactory]: Closing /Users/Sophie/Desktop/programming/music_discover/db/neo4j/development/data/graph.db/neostore.propertystore.db.strings, truncating at 154 vs file size 154
2015-11-03 10:50:34.606+0000 DEBUG [o.n.k.i.s.StoreFactory]: Closing /Users/Sophie/Desktop/programming/music_discover/db/neo4j/development/data/graph.db/neostore.propertystore.db.index.keys, truncating at 64 vs file size 64
2015-11-03 10:50:34.607+0000 DEBUG [o.n.k.i.s.StoreFactory]: Closing /Users/Sophie/Desktop/programming/music_discover/db/neo4j/development/data/graph.db/neostore.propertystore.db.index, truncating at 25 vs file size 25
2015-11-03 10:50:34.609+0000 DEBUG [o.n.k.i.s.StoreFactory]: Closing /Users/Sophie/Desktop/programming/music_discover/db/neo4j/development/data/graph.db/neostore.propertystore.db.arrays, truncating at 153 vs file size 153
2015-11-03 10:50:34.611+0000 DEBUG [o.n.k.i.s.StoreFactory]: Closing /Users/Sophie/Desktop/programming/music_discover/db/neo4j/development/data/graph.db/neostore.propertystore.db, truncating at 20 vs file size 20
2015-11-03 10:50:34.612+0000 DEBUG [o.n.k.i.s.StoreFactory]: Closing /Users/Sophie/Desktop/programming/music_discover/db/neo4j/development/data/graph.db/neostore.relationshipstore.db, truncating at 24 vs file size 24
2015-11-03 10:50:34.613+0000 DEBUG [o.n.k.i.s.StoreFactory]: Closing /Users/Sophie/Desktop/programming/music_discover/db/neo4j/development/data/graph.db/neostore.nodestore.db.labels, truncating at 93 vs file size 93
2015-11-03 10:50:34.615+0000 DEBUG [o.n.k.i.s.StoreFactory]: Closing /Users/Sophie/Desktop/programming/music_discover/db/neo4j/development/data/graph.db/neostore.nodestore.db, truncating at 16 vs file size 16
2015-11-03 10:50:34.617+0000 DEBUG [o.n.k.i.s.StoreFactory]: Closing /Users/Sophie/Desktop/programming/music_discover/db/neo4j/development/data/graph.db/neostore.schemastore.db, truncating at 82 vs file size 82
2015-11-03 10:50:34.619+0000 DEBUG [o.n.k.i.s.StoreFactory]: Closing /Users/Sophie/Desktop/programming/music_discover/db/neo4j/development/data/graph.db/neostore.relationshipgroupstore.db, truncating at 54 vs file size 54
2015-11-03 10:50:34.621+0000 DEBUG [o.n.k.i.s.StoreFactory]: Closing /Users/Sophie/Desktop/programming/music_discover/db/neo4j/development/data/graph.db/neostore, truncating at 114 vs file size 8190
2015-11-03 10:50:34.805+0000 INFO  [o.n.k.a.i.i.LuceneLabelScanStore]: No lucene scan store index found, this might just be first use. Preparing to rebuild.
2015-11-03 10:50:34.831+0000 INFO  [o.n.k.a.i.i.LuceneLabelScanStore]: No lucene scan store index found, this might just be first use. Preparing to rebuild.
2015-11-03 10:50:34.893+0000 INFO  [o.n.k.NeoStoreDataSource]: Opened logical log [/Users/Sophie/Desktop/programming/music_discover/db/neo4j/development/data/graph.db/neostore.transaction.db.0] version=0, lastTxId=1 (clean)
2015-11-03 10:50:34.898+0000 WARN  [o.n.k.i.s.StoreFactory]: Missing counts store, rebuilding it.
2015-11-03 10:50:34.996+0000 DEBUG [o.n.k.i.a.i.IndexingService]: Applying recovered updates: hopscotch-table[LongKeyTable|capacity:32, size:0, usage:0.000000]
2015-11-03 10:50:34.998+0000 INFO  [o.n.k.a.i.i.LuceneLabelScanStore]: Rebuilding lucene scan store, this may take a while
2015-11-03 10:50:34.999+0000 INFO  [o.n.k.a.i.i.LuceneLabelScanStore]: Lucene scan store rebuilt (roughly -1 nodes)
2015-11-03 10:50:35.005+0000 INFO  [o.n.k.KernelHealth]: Kernel health set to OK
2015-11-03 10:50:35.604+0000 INFO  [o.n.k.i.DiagnosticsManager]: --- STARTED diagnostics for KernelDiagnostics:Versions START ---
2015-11-03 10:50:35.605+0000 INFO  [o.n.k.i.DiagnosticsManager]: Graph Database: org.neo4j.kernel.EmbeddedGraphDatabase StoreId{creationTime=1446547834492, randomId=3980493735177770361, storeVersion=14969031248344582, upgradeTime=1446547834492, upgradeId=1}
2015-11-03 10:50:35.605+0000 INFO  [o.n.k.i.DiagnosticsManager]: Kernel version: Neo4j - Graph Database Kernel (neo4j-kernel), version: 2.2.5
2015-11-03 10:50:35.605+0000 INFO  [o.n.k.i.DiagnosticsManager]: Neo4j component versions:
2015-11-03 10:50:35.612+0000 INFO  [o.n.k.i.DiagnosticsManager]:   Neo4j - Lucene Index (neo4j-lucene-index), version: 2.2.5; revision: 2.2.5:2.2:151/cf9c7fe724d193d2d54c55eb0c82cc9036fc05d6-dirty
2015-11-03 10:50:35.612+0000 INFO  [o.n.k.i.DiagnosticsManager]:   Neo4j - JMX support (neo4j-jmx), version: 2.2.5; revision: 2.2.5:2.2:151/cf9c7fe724d193d2d54c55eb0c82cc9036fc05d6-dirty
2015-11-03 10:50:35.612+0000 INFO  [o.n.k.i.DiagnosticsManager]:   Neo4j - Graph Matching (neo4j-graph-matching), version: 2.2.5; revision: 2.2.5:2.2:151/cf9c7fe724d193d2d54c55eb0c82cc9036fc05d6-dirty
2015-11-03 10:50:35.613+0000 INFO  [o.n.k.i.DiagnosticsManager]:   Neo4j - Cypher Compiler 2.1 (neo4j-cypher-compiler-2.1), version: 2.1.8; revision: 2.1.8:2.1-maint:687/5c83ce3a5ddf33259593f719153ce71a6fe89fc7
2015-11-03 10:50:35.613+0000 INFO  [o.n.k.i.DiagnosticsManager]:   Neo4j - Server API (server-api), version: 2.2.5; revision: 2.2.5:2.2:151/cf9c7fe724d193d2d54c55eb0c82cc9036fc05d6-dirty
2015-11-03 10:50:35.613+0000 INFO  [o.n.k.i.DiagnosticsManager]:   Neo4j - Import Command Line Tool (neo4j-import-tool), version: 2.2.5; revision: 2.2.5:2.2:151/cf9c7fe724d193d2d54c55eb0c82cc9036fc05d6-dirty
2015-11-03 10:50:35.613+0000 INFO  [o.n.k.i.DiagnosticsManager]:   Neo4j - Graph Database Kernel (neo4j-kernel), version: 2.2.5; revision: 2.2.5:2.2:151/cf9c7fe724d193d2d54c55eb0c82cc9036fc05d6-dirty
2015-11-03 10:50:35.613+0000 INFO  [o.n.k.i.DiagnosticsManager]:   Neo4j - Cypher (neo4j-cypher), version: 2.2.5; revision: 2.2.5:2.2:151/cf9c7fe724d193d2d54c55eb0c82cc9036fc05d6-dirty
2015-11-03 10:50:35.613+0000 INFO  [o.n.k.i.DiagnosticsManager]:   Neo4j - Server (neo4j-server), version: 2.2.5; revision: 2.2.5:2.2:151/cf9c7fe724d193d2d54c55eb0c82cc9036fc05d6-dirty
2015-11-03 10:50:35.613+0000 INFO  [o.n.k.i.DiagnosticsManager]:   Neo4j - Graph Algorithms (neo4j-graph-algo), version: 2.2.5; revision: 2.2.5:2.2:151/cf9c7fe724d193d2d54c55eb0c82cc9036fc05d6-dirty
2015-11-03 10:50:35.613+0000 INFO  [o.n.k.i.DiagnosticsManager]:   Neo4j - Cypher Compiler 2.2 (neo4j-cypher-compiler-2.2), version: 2.2.5; revision: 2.2.5:2.2:151/cf9c7fe724d193d2d54c55eb0c82cc9036fc05d6-dirty
2015-11-03 10:50:35.613+0000 INFO  [o.n.k.i.DiagnosticsManager]:   Neo4j - Cypher Compiler 2.0 (neo4j-cypher-compiler-2.0), version: 2.0.4; revision: 2.0.4:2.0-maint:130/4a7d10bc274a5d26a180bbe9df25100e8a694748
2015-11-03 10:50:35.613+0000 INFO  [o.n.k.i.DiagnosticsManager]:   Neo4j - Consistency Checker (neo4j-consistency-check), version: 2.2.5; revision: 2.2.5:2.2:151/cf9c7fe724d193d2d54c55eb0c82cc9036fc05d6-dirty
2015-11-03 10:50:35.613+0000 INFO  [o.n.k.i.DiagnosticsManager]:   Neo4j - Generic shell (neo4j-shell), version: 2.2.5; revision: 2.2.5:2.2:151/cf9c7fe724d193d2d54c55eb0c82cc9036fc05d6-dirty
2015-11-03 10:50:35.613+0000 INFO  [o.n.k.i.DiagnosticsManager]:   Neo4j - Cypher Compiler 1.9 (neo4j-cypher-compiler-1.9), version: 2.0.4; revision: 2.0.4:2.0-maint:130/4a7d10bc274a5d26a180bbe9df25100e8a694748
2015-11-03 10:50:35.613+0000 INFO  [o.n.k.i.DiagnosticsManager]:   neo4j-udc, version: 2.2.5; revision: 2.2.5:2.2:151/cf9c7fe724d193d2d54c55eb0c82cc9036fc05d6-dirty
2015-11-03 10:50:35.613+0000 INFO  [o.n.k.i.DiagnosticsManager]: --- STARTED diagnostics for KernelDiagnostics:Versions END ---
2015-11-03 10:50:35.615+0000 INFO  [o.n.k.i.DiagnosticsManager]: --- STARTED diagnostics for NEO_STORE_VERSIONS START ---
2015-11-03 10:50:35.616+0000 INFO  [o.n.k.i.DiagnosticsManager]: Store versions:
2015-11-03 10:50:35.616+0000 INFO  [o.n.k.i.DiagnosticsManager]: Store versions:
2015-11-03 10:50:35.616+0000 INFO  [o.n.k.i.DiagnosticsManager]:   NeoStore v0.A.5
2015-11-03 10:50:35.616+0000 INFO  [o.n.k.i.DiagnosticsManager]:   SchemaStore v0.A.5
2015-11-03 10:50:35.616+0000 INFO  [o.n.k.i.DiagnosticsManager]:   NodeStore v0.A.5
2015-11-03 10:50:35.616+0000 INFO  [o.n.k.i.DiagnosticsManager]:   RelationshipStore v0.A.5
2015-11-03 10:50:35.616+0000 INFO  [o.n.k.i.DiagnosticsManager]:   RelationshipTypeStore v0.A.5
2015-11-03 10:50:35.616+0000 INFO  [o.n.k.i.DiagnosticsManager]:   LabelTokenStore v0.A.5
2015-11-03 10:50:35.616+0000 INFO  [o.n.k.i.DiagnosticsManager]:   PropertyStore v0.A.5
2015-11-03 10:50:35.616+0000 INFO  [o.n.k.i.DiagnosticsManager]:   PropertyIndexStore v0.A.5
2015-11-03 10:50:35.616+0000 INFO  [o.n.k.i.DiagnosticsManager]:   StringPropertyStore v0.A.5
2015-11-03 10:50:35.616+0000 INFO  [o.n.k.i.DiagnosticsManager]:   ArrayPropertyStore v0.A.5
2015-11-03 10:50:35.616+0000 INFO  [o.n.k.i.DiagnosticsManager]:   RelationshipGroupStore v0.A.5
2015-11-03 10:50:35.616+0000 INFO  [o.n.k.i.DiagnosticsManager]: --- STARTED diagnostics for NEO_STORE_VERSIONS END ---
2015-11-03 10:50:35.616+0000 INFO  [o.n.k.i.DiagnosticsManager]: --- STARTED diagnostics for NEO_STORE_ID_USAGE START ---
2015-11-03 10:50:35.616+0000 INFO  [o.n.k.i.DiagnosticsManager]: Id usage:
2015-11-03 10:50:35.617+0000 INFO  [o.n.k.i.DiagnosticsManager]: Id usage:
2015-11-03 10:50:35.617+0000 INFO  [o.n.k.i.DiagnosticsManager]:   SchemaStore: used=1 high=0
2015-11-03 10:50:35.617+0000 INFO  [o.n.k.i.DiagnosticsManager]:   NodeStore: used=0 high=-1
2015-11-03 10:50:35.617+0000 INFO  [o.n.k.i.DiagnosticsManager]:   RelationshipStore: used=0 high=-1
2015-11-03 10:50:35.617+0000 INFO  [o.n.k.i.DiagnosticsManager]:   RelationshipTypeStore: used=0 high=-1
2015-11-03 10:50:35.617+0000 INFO  [o.n.k.i.DiagnosticsManager]:   LabelTokenStore: used=0 high=-1
2015-11-03 10:50:35.617+0000 INFO  [o.n.k.i.DiagnosticsManager]:   PropertyStore: used=0 high=-1
2015-11-03 10:50:35.617+0000 INFO  [o.n.k.i.DiagnosticsManager]:   PropertyIndexStore: used=0 high=-1
2015-11-03 10:50:35.617+0000 INFO  [o.n.k.i.DiagnosticsManager]:   StringPropertyStore: used=1 high=0
2015-11-03 10:50:35.618+0000 INFO  [o.n.k.i.DiagnosticsManager]:   ArrayPropertyStore: used=1 high=0
2015-11-03 10:50:35.618+0000 INFO  [o.n.k.i.DiagnosticsManager]:   RelationshipGroupStore: used=1 high=0
2015-11-03 10:50:35.618+0000 INFO  [o.n.k.i.DiagnosticsManager]: --- STARTED diagnostics for NEO_STORE_ID_USAGE END ---
2015-11-03 10:50:35.618+0000 INFO  [o.n.k.i.DiagnosticsManager]: --- STARTED diagnostics for KernelDiagnostics:StoreFiles START ---
2015-11-03 10:50:35.618+0000 INFO  [o.n.k.i.DiagnosticsManager]: Disk space on partition (Total / Free / Free %): 548999987200 / 418467926016 / 76
Storage files: (filename : modification date - size)
2015-11-03 10:50:35.619+0000 INFO  [o.n.k.i.DiagnosticsManager]:   index:
2015-11-03 10:50:35.619+0000 INFO  [o.n.k.i.DiagnosticsManager]:   - Total: 2015-11-03T10:50:34+0000 - 0.00 B
2015-11-03 10:50:35.620+0000 INFO  [o.n.k.i.DiagnosticsManager]:   lock: 2015-11-03T10:50:34+0000 - 0.00 B
2015-11-03 10:50:35.620+0000 INFO  [o.n.k.i.DiagnosticsManager]:   messages.log: 2015-11-03T10:50:35+0000 - 39.20 kB
2015-11-03 10:50:35.620+0000 INFO  [o.n.k.i.DiagnosticsManager]:   neostore: 2015-11-03T10:50:34+0000 - 99.00 B
2015-11-03 10:50:35.620+0000 INFO  [o.n.k.i.DiagnosticsManager]:   neostore.counts.db.a: 2015-11-03T10:50:34+0000 - 114.00 B
2015-11-03 10:50:35.621+0000 INFO  [o.n.k.i.DiagnosticsManager]:   neostore.id: 2015-11-03T10:50:34+0000 - 9.00 B
2015-11-03 10:50:35.621+0000 INFO  [o.n.k.i.DiagnosticsManager]:   neostore.labeltokenstore.db: 2015-11-03T10:50:34+0000 - 0.00 B
2015-11-03 10:50:35.621+0000 INFO  [o.n.k.i.DiagnosticsManager]:   neostore.labeltokenstore.db.id: 2015-11-03T10:50:34+0000 - 9.00 B
2015-11-03 10:50:35.622+0000 INFO  [o.n.k.i.DiagnosticsManager]:   neostore.labeltokenstore.db.names: 2015-11-03T10:50:34+0000 - 38.00 B
2015-11-03 10:50:35.622+0000 INFO  [o.n.k.i.DiagnosticsManager]:   neostore.labeltokenstore.db.names.id: 2015-11-03T10:50:34+0000 - 9.00 B
2015-11-03 10:50:35.622+0000 INFO  [o.n.k.i.DiagnosticsManager]:   neostore.nodestore.db: 2015-11-03T10:50:34+0000 - 0.00 B
2015-11-03 10:50:35.623+0000 INFO  [o.n.k.i.DiagnosticsManager]:   neostore.nodestore.db.id: 2015-11-03T10:50:34+0000 - 9.00 B
2015-11-03 10:50:35.623+0000 INFO  [o.n.k.i.DiagnosticsManager]:   neostore.nodestore.db.labels: 2015-11-03T10:50:34+0000 - 68.00 B
2015-11-03 10:50:35.623+0000 INFO  [o.n.k.i.DiagnosticsManager]:   neostore.nodestore.db.labels.id: 2015-11-03T10:50:34+0000 - 9.00 B
2015-11-03 10:50:35.624+0000 INFO  [o.n.k.i.DiagnosticsManager]:   neostore.propertystore.db: 2015-11-03T10:50:34+0000 - 0.00 B
2015-11-03 10:50:35.624+0000 INFO  [o.n.k.i.DiagnosticsManager]:   neostore.propertystore.db.arrays: 2015-11-03T10:50:34+0000 - 128.00 B
2015-11-03 10:50:35.625+0000 INFO  [o.n.k.i.DiagnosticsManager]:   neostore.propertystore.db.arrays.id: 2015-11-03T10:50:34+0000 - 9.00 B
2015-11-03 10:50:35.625+0000 INFO  [o.n.k.i.DiagnosticsManager]:   neostore.propertystore.db.id: 2015-11-03T10:50:34+0000 - 9.00 B
2015-11-03 10:50:35.625+0000 INFO  [o.n.k.i.DiagnosticsManager]:   neostore.propertystore.db.index: 2015-11-03T10:50:34+0000 - 0.00 B
2015-11-03 10:50:35.625+0000 INFO  [o.n.k.i.DiagnosticsManager]:   neostore.propertystore.db.index.id: 2015-11-03T10:50:34+0000 - 9.00 B
2015-11-03 10:50:35.626+0000 INFO  [o.n.k.i.DiagnosticsManager]:   neostore.propertystore.db.index.keys: 2015-11-03T10:50:34+0000 - 38.00 B
2015-11-03 10:50:35.626+0000 INFO  [o.n.k.i.DiagnosticsManager]:   neostore.propertystore.db.index.keys.id: 2015-11-03T10:50:34+0000 - 9.00 B
2015-11-03 10:50:35.626+0000 INFO  [o.n.k.i.DiagnosticsManager]:   neostore.propertystore.db.strings: 2015-11-03T10:50:34+0000 - 128.00 B
2015-11-03 10:50:35.627+0000 INFO  [o.n.k.i.DiagnosticsManager]:   neostore.propertystore.db.strings.id: 2015-11-03T10:50:34+0000 - 9.00 B
2015-11-03 10:50:35.627+0000 INFO  [o.n.k.i.DiagnosticsManager]:   neostore.relationshipgroupstore.db: 2015-11-03T10:50:34+0000 - 25.00 B
2015-11-03 10:50:35.627+0000 INFO  [o.n.k.i.DiagnosticsManager]:   neostore.relationshipgroupstore.db.id: 2015-11-03T10:50:34+0000 - 9.00 B
2015-11-03 10:50:35.628+0000 INFO  [o.n.k.i.DiagnosticsManager]:   neostore.relationshipstore.db: 2015-11-03T10:50:34+0000 - 0.00 B
2015-11-03 10:50:35.628+0000 INFO  [o.n.k.i.DiagnosticsManager]:   neostore.relationshipstore.db.id: 2015-11-03T10:50:34+0000 - 9.00 B
2015-11-03 10:50:35.628+0000 INFO  [o.n.k.i.DiagnosticsManager]:   neostore.relationshiptypestore.db: 2015-11-03T10:50:34+0000 - 0.00 B
2015-11-03 10:50:35.629+0000 INFO  [o.n.k.i.DiagnosticsManager]:   neostore.relationshiptypestore.db.id: 2015-11-03T10:50:34+0000 - 9.00 B
2015-11-03 10:50:35.629+0000 INFO  [o.n.k.i.DiagnosticsManager]:   neostore.relationshiptypestore.db.names: 2015-11-03T10:50:34+0000 - 38.00 B
2015-11-03 10:50:35.630+0000 INFO  [o.n.k.i.DiagnosticsManager]:   neostore.relationshiptypestore.db.names.id: 2015-11-03T10:50:34+0000 - 9.00 B
2015-11-03 10:50:35.630+0000 INFO  [o.n.k.i.DiagnosticsManager]:   neostore.schemastore.db: 2015-11-03T10:50:34+0000 - 64.00 B
2015-11-03 10:50:35.631+0000 INFO  [o.n.k.i.DiagnosticsManager]:   neostore.schemastore.db.id: 2015-11-03T10:50:34+0000 - 9.00 B
2015-11-03 10:50:35.631+0000 INFO  [o.n.k.i.DiagnosticsManager]:   neostore.transaction.db.0: 2015-11-03T10:50:34+0000 - 16.00 B
2015-11-03 10:50:35.631+0000 INFO  [o.n.k.i.DiagnosticsManager]:   schema:
2015-11-03 10:50:35.632+0000 INFO  [o.n.k.i.DiagnosticsManager]:     label:
2015-11-03 10:50:35.632+0000 INFO  [o.n.k.i.DiagnosticsManager]:       lucene:
2015-11-03 10:50:35.632+0000 INFO  [o.n.k.i.DiagnosticsManager]:         write.lock: 2015-11-03T10:50:34+0000 - 0.00 B
2015-11-03 10:50:35.633+0000 INFO  [o.n.k.i.DiagnosticsManager]:       - Total: 2015-11-03T10:50:34+0000 - 0.00 B
2015-11-03 10:50:35.633+0000 INFO  [o.n.k.i.DiagnosticsManager]:     - Total: 2015-11-03T10:50:34+0000 - 0.00 B
2015-11-03 10:50:35.633+0000 INFO  [o.n.k.i.DiagnosticsManager]:   - Total: 2015-11-03T10:50:34+0000 - 0.00 B
2015-11-03 10:50:35.634+0000 INFO  [o.n.k.i.DiagnosticsManager]:   store_lock: 2015-11-03T10:50:34+0000 - 0.00 B
2015-11-03 10:50:35.634+0000 INFO  [o.n.k.i.DiagnosticsManager]: --- STARTED diagnostics for KernelDiagnostics:StoreFiles END ---
2015-11-03 10:50:35.668+0000 DEBUG [o.n.k.EmbeddedGraphDatabase]: GC Monitor started. 
2015-11-03 10:50:35.668+0000 INFO  [o.n.k.EmbeddedGraphDatabase]: Database is now ready
2015-11-03 10:50:35.668+0000 INFO  [o.n.s.d.LifecycleManagingDatabase]: Successfully started database
2015-11-03 10:50:35.669+0000 INFO  [o.n.k.i.DiagnosticsManager]: --- SERVER STARTED START ---
2015-11-03 10:50:35.719+0000 INFO  [o.n.s.CommunityNeoServer]: Starting HTTP on port :7474 with 4 threads available
2015-11-03 10:50:35.885+0000 INFO  [o.n.s.CommunityNeoServer]: Enabling HTTPS on port :7473
2015-11-03 10:50:35.886+0000 INFO  [o.n.s.CommunityNeoServer]: No SSL certificate found, generating a self-signed certificate..
2015-11-03 10:50:36.202+0000 DEBUG [o.n.s.w.Jetty9WebServer]: Adding JAXRS classes [org.neo4j.server.rest.discovery.DiscoveryService, org.neo4j.server.rest.dbms.UserService] at [/]
2015-11-03 10:50:36.205+0000 DEBUG [o.n.s.w.Jetty9WebServer]: Adding JAXRS classes [org.neo4j.server.rest.web.RestfulGraphDatabase, org.neo4j.server.rest.web.TransactionalService, org.neo4j.server.rest.web.CypherService, org.neo4j.server.rest.web.DatabaseMetadataService, org.neo4j.server.rest.web.ExtensionService, org.neo4j.server.rest.web.ResourcesService, org.neo4j.server.rest.web.BatchOperationService] at [/db/data]
2015-11-03 10:50:36.209+0000 DEBUG [o.n.s.w.Jetty9WebServer]: Adding JAXRS classes [org.neo4j.server.rest.management.JmxService, org.neo4j.server.rest.management.RootService, org.neo4j.server.rest.management.VersionAndEditionService] at [/db/manage]
2015-11-03 10:50:36.210+0000 DEBUG [o.n.s.w.Jetty9WebServer]: Adding JAXRS classes [org.neo4j.server.rest.management.MonitorService, org.neo4j.server.rest.management.console.ConsoleService] at [/db/manage]
2015-11-03 10:50:36.266+0000 INFO  [o.n.s.w.Jetty9WebServer]: Mounting static content at [/webadmin] from [webadmin-html]
2015-11-03 10:50:36.294+0000 DEBUG [o.n.s.w.Jetty9WebServer]: Found [jar:file:/Users/Sophie/Desktop/programming/music_discover/db/neo4j/development/system/lib/neo4j-server-2.2.5-static-web.jar!/webadmin-html]
2015-11-03 10:50:36.296+0000 DEBUG [o.n.s.w.Jetty9WebServer]: Mounting static content from [jar:file:/Users/Sophie/Desktop/programming/music_discover/db/neo4j/development/system/lib/neo4j-server-2.2.5-static-web.jar!/webadmin-html] at [/webadmin]
2015-11-03 10:50:36.299+0000 DEBUG [o.n.s.w.Jetty9WebServer]: Mounting servlet at [/db/manage]
2015-11-03 10:50:36.318+0000 DEBUG [o.n.s.w.Jetty9WebServer]: Mounting servlet at [/db/data]
2015-11-03 10:50:36.319+0000 INFO  [o.n.s.w.Jetty9WebServer]: Mounting static content at [/browser] from [browser]
2015-11-03 10:50:36.319+0000 DEBUG [o.n.s.w.Jetty9WebServer]: Found [jar:file:/Users/Sophie/Desktop/programming/music_discover/db/neo4j/development/system/lib/neo4j-browser-2.2.5.jar!/browser]
2015-11-03 10:50:36.320+0000 DEBUG [o.n.s.w.Jetty9WebServer]: Mounting static content from [jar:file:/Users/Sophie/Desktop/programming/music_discover/db/neo4j/development/system/lib/neo4j-browser-2.2.5.jar!/browser] at [/browser]
2015-11-03 10:50:36.320+0000 DEBUG [o.n.s.w.Jetty9WebServer]: Mounting servlet at [/]
2015-11-03 10:50:37.723+0000 INFO  [o.n.s.CommunityNeoServer]: Server started on: http://localhost:7474/
2015-11-03 10:50:37.723+0000 INFO  [o.n.s.CommunityNeoServer]: Remote interface ready and available at [http://localhost:7474/]
2015-11-03 10:50:37.724+0000 INFO  [o.n.k.i.DiagnosticsManager]: --- SERVER STARTED END ---
2015-11-03 10:59:40.410+0000 DEBUG [o.n.k.i.q.QueryExecutionEngine]: CREATE CONSTRAINT ON (n:`User`) ASSERT n.`uuid` IS UNIQUE
2015-11-03 10:59:40.578+0000 INFO  [o.n.k.i.a.i.IndexPopulationJob]: Index population started: [:User(uuid) [provider: {key=lucene, version=1.0}]]
2015-11-03 10:59:40.594+0000 INFO  [o.n.k.i.a.KernelSchemaStateStore]: Schema state store has been cleared.
2015-11-03 10:59:40.601+0000 INFO  [o.n.k.i.a.i.IndexPopulationJob]: Index population completed. Index is now online: [:User(uuid) [provider: {key=lucene, version=1.0}]]
2015-11-03 10:59:40.622+0000 INFO  [o.n.k.i.a.KernelSchemaStateStore]: Schema state store has been cleared.
2015-11-03 10:59:40.758+0000 DEBUG [o.n.k.i.q.QueryExecutionEngine]: MATCH (n:`User`) RETURN n
2015-11-03 11:45:22.135+0000 DEBUG [o.n.k.i.q.QueryExecutionEngine]: CREATE CONSTRAINT ON (n:`Artist`) ASSERT n.`uuid` IS UNIQUE
2015-11-03 11:45:22.159+0000 INFO  [o.n.k.i.a.i.IndexPopulationJob]: Index population started: [:Artist(uuid) [provider: {key=lucene, version=1.0}]]
2015-11-03 11:45:22.162+0000 INFO  [o.n.k.i.a.KernelSchemaStateStore]: Schema state store has been cleared.
2015-11-03 11:45:22.163+0000 INFO  [o.n.k.i.a.i.IndexPopulationJob]: Index population completed. Index is now online: [:Artist(uuid) [provider: {key=lucene, version=1.0}]]
2015-11-03 11:45:22.164+0000 INFO  [o.n.k.i.a.KernelSchemaStateStore]: Schema state store has been cleared.
2015-11-03 11:45:22.187+0000 DEBUG [o.n.k.i.q.QueryExecutionEngine]: MATCH (n:`Artist`) RETURN n
2015-11-03 11:49:31.452+0000 DEBUG [o.n.k.i.q.QueryExecutionEngine]: MATCH (n:`User`) RETURN n
