2015-11-03 10:50:34.069+0000 INFO  [API] Setting startup timeout to: 120000ms based on 120000
2015-11-03 10:50:35.668+0000 INFO  [API] Successfully started database
2015-11-03 10:50:35.719+0000 INFO  [API] Starting HTTP on port :7474 with 4 threads available
2015-11-03 10:50:35.885+0000 INFO  [API] Enabling HTTPS on port :7473
2015-11-03 10:50:35.886+0000 INFO  [API] No SSL certificate found, generating a self-signed certificate..
10:50:36.220 [main] INFO  org.eclipse.jetty.util.log - Logging initialized @3121ms
2015-11-03 10:50:36.266+0000 INFO  [API] Mounting static content at [/webadmin] from [webadmin-html]
2015-11-03 10:50:36.319+0000 INFO  [API] Mounting static content at [/browser] from [browser]
10:50:36.323 [main] INFO  org.eclipse.jetty.server.Server - jetty-9.2.4.v20141103
10:50:36.343 [main] INFO  o.e.j.server.handler.ContextHandler - Started o.e.j.s.h.MovedContextHandler@70817e26{/,null,AVAILABLE}
10:50:36.441 [main] INFO  o.e.j.w.StandardDescriptorProcessor - NO JSP Support for /webadmin, did not find org.apache.jasper.servlet.JspServlet
10:50:36.452 [main] INFO  o.e.j.server.handler.ContextHandler - Started o.e.j.w.WebAppContext@74f0be97{/webadmin,jar:file:/Users/Sophie/Desktop/programming/music_discover/db/neo4j/development/system/lib/neo4j-server-2.2.5-static-web.jar!/webadmin-html,AVAILABLE}
10:50:36.914 [main] INFO  o.e.j.server.handler.ContextHandler - Started o.e.j.s.ServletContextHandler@1e611df3{/db/manage,null,AVAILABLE}
10:50:37.172 [main] INFO  o.e.j.server.handler.ContextHandler - Started o.e.j.s.ServletContextHandler@6a4cf663{/db/data,null,AVAILABLE}
10:50:37.191 [main] INFO  o.e.j.w.StandardDescriptorProcessor - NO JSP Support for /browser, did not find org.apache.jasper.servlet.JspServlet
10:50:37.192 [main] INFO  o.e.j.server.handler.ContextHandler - Started o.e.j.w.WebAppContext@3f2d46ad{/browser,jar:file:/Users/Sophie/Desktop/programming/music_discover/db/neo4j/development/system/lib/neo4j-browser-2.2.5.jar!/browser,AVAILABLE}
10:50:37.314 [main] INFO  o.e.j.server.handler.ContextHandler - Started o.e.j.s.ServletContextHandler@88a9b66{/,null,AVAILABLE}
10:50:37.324 [main] INFO  o.e.jetty.server.ServerConnector - Started ServerConnector@754db67e{HTTP/1.1}{localhost:7474}
10:50:37.722 [main] INFO  o.e.jetty.server.ServerConnector - Started ServerConnector@55d678b6{SSL-HTTP/1.1}{localhost:7473}
10:50:37.723 [main] INFO  org.eclipse.jetty.server.Server - Started @4629ms
2015-11-03 10:50:37.723+0000 INFO  [API] Server started on: http://localhost:7474/
2015-11-03 10:50:37.723+0000 INFO  [API] Remote interface ready and available at [http://localhost:7474/]
2015-11-03 12:52:26.486+0000 INFO  [API] Neo4j Server shutdown initiated by request
12:52:26.491 [Thread-13] INFO  o.e.jetty.server.ServerConnector - Stopped ServerConnector@754db67e{HTTP/1.1}{localhost:7474}
12:52:26.492 [Thread-13] INFO  o.e.jetty.server.ServerConnector - Stopped ServerConnector@55d678b6{SSL-HTTP/1.1}{localhost:7473}
12:52:26.493 [Thread-13] INFO  o.e.j.server.handler.ContextHandler - Stopped o.e.j.s.ServletContextHandler@88a9b66{/,null,UNAVAILABLE}
12:52:26.495 [Thread-13] INFO  o.e.j.server.handler.ContextHandler - Stopped o.e.j.w.WebAppContext@3f2d46ad{/browser,jar:file:/Users/Sophie/Desktop/programming/music_discover/db/neo4j/development/system/lib/neo4j-browser-2.2.5.jar!/browser,UNAVAILABLE}
12:52:26.495 [Thread-13] INFO  o.e.j.server.handler.ContextHandler - Stopped o.e.j.s.ServletContextHandler@6a4cf663{/db/data,null,UNAVAILABLE}
12:52:26.495 [Thread-13] INFO  o.e.j.server.handler.ContextHandler - Stopped o.e.j.s.ServletContextHandler@1e611df3{/db/manage,null,UNAVAILABLE}
12:52:26.496 [Thread-13] INFO  o.e.j.server.handler.ContextHandler - Stopped o.e.j.w.WebAppContext@74f0be97{/webadmin,jar:file:/Users/Sophie/Desktop/programming/music_discover/db/neo4j/development/system/lib/neo4j-server-2.2.5-static-web.jar!/webadmin-html,UNAVAILABLE}
12:52:26.496 [Thread-13] INFO  o.e.j.server.handler.ContextHandler - Stopped o.e.j.s.h.MovedContextHandler@70817e26{/,null,UNAVAILABLE}
2015-11-03 12:52:26.507+0000 INFO  [API] Successfully shutdown Neo4j Server.
2015-11-03 12:52:26.551+0000 INFO  [API] Successfully stopped database
2015-11-03 12:52:26.551+0000 INFO  [API] Successfully shutdown database.
2015-11-03 13:04:31.365+0000 INFO  [API] Setting startup timeout to: 120000ms based on 120000
2015-11-03 13:04:32.891+0000 INFO  [API] Successfully started database
2015-11-03 13:04:32.934+0000 INFO  [API] Starting HTTP on port :7474 with 4 threads available
2015-11-03 13:04:33.123+0000 INFO  [API] Enabling HTTPS on port :7473
13:04:33.272 [main] INFO  org.eclipse.jetty.util.log - Logging initialized @2778ms
2015-11-03 13:04:33.318+0000 INFO  [API] Mounting static content at [/webadmin] from [webadmin-html]
2015-11-03 13:04:33.361+0000 INFO  [API] Mounting static content at [/browser] from [browser]
13:04:33.364 [main] INFO  org.eclipse.jetty.server.Server - jetty-9.2.4.v20141103
13:04:33.381 [main] INFO  o.e.j.server.handler.ContextHandler - Started o.e.j.s.h.MovedContextHandler@417a2081{/,null,AVAILABLE}
13:04:33.489 [main] INFO  o.e.j.w.StandardDescriptorProcessor - NO JSP Support for /webadmin, did not find org.apache.jasper.servlet.JspServlet
13:04:33.503 [main] INFO  o.e.j.server.handler.ContextHandler - Started o.e.j.w.WebAppContext@68553ec3{/webadmin,jar:file:/Users/Sophie/Desktop/programming/music_discover/db/neo4j/development/system/lib/neo4j-server-2.2.5-static-web.jar!/webadmin-html,AVAILABLE}
13:04:34.009 [main] INFO  o.e.j.server.handler.ContextHandler - Started o.e.j.s.ServletContextHandler@3780127{/db/manage,null,AVAILABLE}
13:04:34.273 [main] INFO  o.e.j.server.handler.ContextHandler - Started o.e.j.s.ServletContextHandler@38021ee9{/db/data,null,AVAILABLE}
13:04:34.292 [main] INFO  o.e.j.w.StandardDescriptorProcessor - NO JSP Support for /browser, did not find org.apache.jasper.servlet.JspServlet
13:04:34.293 [main] INFO  o.e.j.server.handler.ContextHandler - Started o.e.j.w.WebAppContext@60b7ba59{/browser,jar:file:/Users/Sophie/Desktop/programming/music_discover/db/neo4j/development/system/lib/neo4j-browser-2.2.5.jar!/browser,AVAILABLE}
13:04:34.398 [main] INFO  o.e.j.server.handler.ContextHandler - Started o.e.j.s.ServletContextHandler@6e314883{/,null,AVAILABLE}
13:04:34.408 [main] INFO  o.e.jetty.server.ServerConnector - Started ServerConnector@45b283a3{HTTP/1.1}{localhost:7474}
13:04:34.860 [main] INFO  o.e.jetty.server.ServerConnector - Started ServerConnector@2cb131bb{SSL-HTTP/1.1}{localhost:7473}
13:04:34.860 [main] INFO  org.eclipse.jetty.server.Server - Started @4372ms
2015-11-03 13:04:34.860+0000 INFO  [API] Server started on: http://localhost:7474/
2015-11-03 13:04:34.861+0000 INFO  [API] Remote interface ready and available at [http://localhost:7474/]
2015-11-03 13:06:59.550+0000 INFO  [API] Neo4j Server shutdown initiated by request
13:06:59.556 [Thread-13] INFO  o.e.jetty.server.ServerConnector - Stopped ServerConnector@45b283a3{HTTP/1.1}{localhost:7474}
13:06:59.557 [Thread-13] INFO  o.e.jetty.server.ServerConnector - Stopped ServerConnector@2cb131bb{SSL-HTTP/1.1}{localhost:7473}
13:06:59.559 [Thread-13] INFO  o.e.j.server.handler.ContextHandler - Stopped o.e.j.s.ServletContextHandler@6e314883{/,null,UNAVAILABLE}
13:06:59.560 [Thread-13] INFO  o.e.j.server.handler.ContextHandler - Stopped o.e.j.w.WebAppContext@60b7ba59{/browser,jar:file:/Users/Sophie/Desktop/programming/music_discover/db/neo4j/development/system/lib/neo4j-browser-2.2.5.jar!/browser,UNAVAILABLE}
13:06:59.561 [Thread-13] INFO  o.e.j.server.handler.ContextHandler - Stopped o.e.j.s.ServletContextHandler@38021ee9{/db/data,null,UNAVAILABLE}
13:06:59.561 [Thread-13] INFO  o.e.j.server.handler.ContextHandler - Stopped o.e.j.s.ServletContextHandler@3780127{/db/manage,null,UNAVAILABLE}
13:06:59.562 [Thread-13] INFO  o.e.j.server.handler.ContextHandler - Stopped o.e.j.w.WebAppContext@68553ec3{/webadmin,jar:file:/Users/Sophie/Desktop/programming/music_discover/db/neo4j/development/system/lib/neo4j-server-2.2.5-static-web.jar!/webadmin-html,UNAVAILABLE}
13:06:59.563 [Thread-13] INFO  o.e.j.server.handler.ContextHandler - Stopped o.e.j.s.h.MovedContextHandler@417a2081{/,null,UNAVAILABLE}
2015-11-03 13:06:59.572+0000 INFO  [API] Successfully shutdown Neo4j Server.
2015-11-03 13:06:59.626+0000 INFO  [API] Successfully stopped database
2015-11-03 13:06:59.627+0000 INFO  [API] Successfully shutdown database.
2015-11-03 13:07:26.961+0000 INFO  [API] Setting startup timeout to: 120000ms based on 120000
2015-11-03 13:07:28.420+0000 INFO  [API] Successfully started database
2015-11-03 13:07:28.471+0000 INFO  [API] Starting HTTP on port :7474 with 4 threads available
2015-11-03 13:07:28.640+0000 INFO  [API] Enabling HTTPS on port :7473
13:07:28.763 [main] INFO  org.eclipse.jetty.util.log - Logging initialized @2691ms
2015-11-03 13:07:28.808+0000 INFO  [API] Mounting static content at [/webadmin] from [webadmin-html]
2015-11-03 13:07:28.852+0000 INFO  [API] Mounting static content at [/browser] from [browser]
13:07:28.855 [main] INFO  org.eclipse.jetty.server.Server - jetty-9.2.4.v20141103
13:07:28.870 [main] INFO  o.e.j.server.handler.ContextHandler - Started o.e.j.s.h.MovedContextHandler@417a2081{/,null,AVAILABLE}
13:07:28.968 [main] INFO  o.e.j.w.StandardDescriptorProcessor - NO JSP Support for /webadmin, did not find org.apache.jasper.servlet.JspServlet
13:07:28.985 [main] INFO  o.e.j.server.handler.ContextHandler - Started o.e.j.w.WebAppContext@68553ec3{/webadmin,jar:file:/Users/Sophie/Desktop/programming/music_discover/db/neo4j/development/system/lib/neo4j-server-2.2.5-static-web.jar!/webadmin-html,AVAILABLE}
13:07:29.482 [main] INFO  o.e.j.server.handler.ContextHandler - Started o.e.j.s.ServletContextHandler@3780127{/db/manage,null,AVAILABLE}
13:07:29.742 [main] INFO  o.e.j.server.handler.ContextHandler - Started o.e.j.s.ServletContextHandler@38021ee9{/db/data,null,AVAILABLE}
13:07:29.761 [main] INFO  o.e.j.w.StandardDescriptorProcessor - NO JSP Support for /browser, did not find org.apache.jasper.servlet.JspServlet
13:07:29.762 [main] INFO  o.e.j.server.handler.ContextHandler - Started o.e.j.w.WebAppContext@60b7ba59{/browser,jar:file:/Users/Sophie/Desktop/programming/music_discover/db/neo4j/development/system/lib/neo4j-browser-2.2.5.jar!/browser,AVAILABLE}
13:07:29.866 [main] INFO  o.e.j.server.handler.ContextHandler - Started o.e.j.s.ServletContextHandler@6e314883{/,null,AVAILABLE}
13:07:29.876 [main] INFO  o.e.jetty.server.ServerConnector - Started ServerConnector@45b283a3{HTTP/1.1}{localhost:7474}
13:07:30.304 [main] INFO  o.e.jetty.server.ServerConnector - Started ServerConnector@2cb131bb{SSL-HTTP/1.1}{localhost:7473}
13:07:30.304 [main] INFO  org.eclipse.jetty.server.Server - Started @4237ms
2015-11-03 13:07:30.305+0000 INFO  [API] Server started on: http://localhost:7474/
2015-11-03 13:07:30.305+0000 INFO  [API] Remote interface ready and available at [http://localhost:7474/]
